\BOOKMARK [1][-]{section.1}{Introduction}{}% 1
\BOOKMARK [2][-]{subsection.1.1}{General Iterative Function Systems}{section.1}% 2
\BOOKMARK [1][-]{section.2}{Demonstration}{}% 3
\BOOKMARK [2][-]{subsection.2.1}{An colorful approach}{section.2}% 4
\BOOKMARK [2][-]{subsection.2.2}{First steps}{section.2}% 5
\BOOKMARK [3][-]{subsubsection.2.2.1}{Basic controls}{subsection.2.2}% 6
\BOOKMARK [3][-]{subsubsection.2.2.2}{The base layer and simple layers}{subsection.2.2}% 7
\BOOKMARK [3][-]{subsubsection.2.2.3}{Identity Layer}{subsection.2.2}% 8
\BOOKMARK [3][-]{subsubsection.2.2.4}{The Base Layer}{subsection.2.2}% 9
\BOOKMARK [2][-]{subsection.2.3}{Common fractals}{section.2}% 10
\BOOKMARK [3][-]{subsubsection.2.3.1}{The Dragon Curve}{subsection.2.3}% 11
\BOOKMARK [3][-]{subsubsection.2.3.2}{Levy C Curve}{subsection.2.3}% 12
\BOOKMARK [3][-]{subsubsection.2.3.3}{Koch Snowflake and the Polar Grid}{subsection.2.3}% 13
\BOOKMARK [3][-]{subsubsection.2.3.4}{Some Quadratic curves}{subsection.2.3}% 14
\BOOKMARK [3][-]{subsubsection.2.3.5}{Variations}{subsection.2.3}% 15
\BOOKMARK [1][-]{section.3}{Simple Techniques}{}% 16
\BOOKMARK [2][-]{subsection.3.1}{Simple Spirals}{section.3}% 17
\BOOKMARK [3][-]{subsubsection.3.1.1}{Types of simple spirals}{subsection.3.1}% 18
\BOOKMARK [3][-]{subsubsection.3.1.2}{More interesting spirals}{subsection.3.1}% 19
\BOOKMARK [2][-]{subsection.3.2}{Simple Trees}{section.3}% 20
\BOOKMARK [3][-]{subsubsection.3.2.1}{Trees with two branches}{subsection.3.2}% 21
\BOOKMARK [3][-]{subsubsection.3.2.2}{Trees with multiple branches}{subsection.3.2}% 22
\BOOKMARK [3][-]{subsubsection.3.2.3}{Trees with multiple transformations}{subsection.3.2}% 23
\BOOKMARK [2][-]{subsection.3.3}{Unconnected figures}{section.3}% 24
\BOOKMARK [2][-]{subsection.3.4}{Singleton Pattern}{section.3}% 25
\BOOKMARK [2][-]{subsection.3.5}{Decorator Pattern}{section.3}% 26
\BOOKMARK [2][-]{subsection.3.6}{Case Studies}{section.3}% 27
\BOOKMARK [3][-]{subsubsection.3.6.1}{Two Rays}{subsection.3.6}% 28
\BOOKMARK [1][-]{section.4}{Advanced Techniques}{}% 29
\BOOKMARK [2][-]{subsection.4.1}{Step-by-step pattern}{section.4}% 30
\BOOKMARK [2][-]{subsection.4.2}{Color Mixing}{section.4}% 31
\BOOKMARK [1][-]{section.5}{Randomness}{}% 32
\BOOKMARK [2][-]{subsection.5.1}{Node position variation}{section.5}% 33
\BOOKMARK [3][-]{subsubsection.5.1.1}{Random Paths}{subsection.5.1}% 34
\BOOKMARK [3][-]{subsubsection.5.1.2}{Random Spirals}{subsection.5.1}% 35
\BOOKMARK [1][-]{section.6}{Used Technologies}{}% 36
\BOOKMARK [2][-]{subsection.6.1}{General HTML layout}{section.6}% 37
\BOOKMARK [2][-]{subsection.6.2}{The Canvas element}{section.6}% 38
\BOOKMARK [2][-]{subsection.6.3}{The SVG element}{section.6}% 39
\BOOKMARK [2][-]{subsection.6.4}{Snap SVG}{section.6}% 40
\BOOKMARK [2][-]{subsection.6.5}{jQuery UI}{section.6}% 41
\BOOKMARK [2][-]{subsection.6.6}{Spectrum.js}{section.6}% 42
\BOOKMARK [2][-]{subsection.6.7}{CoffeeScript}{section.6}% 43
\BOOKMARK [1][-]{section.7}{Implementation details}{}% 44
\BOOKMARK [2][-]{subsection.7.1}{The Vector class}{section.7}% 45
\BOOKMARK [3][-]{subsubsection.7.1.1}{Object.defineProperty}{subsection.7.1}% 46
\BOOKMARK [2][-]{subsection.7.2}{Basic Geometry and point transformation}{section.7}% 47
\BOOKMARK [3][-]{subsubsection.7.2.1}{Simple Transformation}{subsection.7.2}% 48
\BOOKMARK [3][-]{subsubsection.7.2.2}{A faster algorithm}{subsection.7.2}% 49
\BOOKMARK [2][-]{subsection.7.3}{Recursive drawing}{section.7}% 50
\BOOKMARK [3][-]{subsubsection.7.3.1}{Asynchronous JavaScript}{subsection.7.3}% 51
\BOOKMARK [3][-]{subsubsection.7.3.2}{Asynchronous Recursive Drawing}{subsection.7.3}% 52
\BOOKMARK [3][-]{subsubsection.7.3.3}{An Asynchronous Iterative approach}{subsection.7.3}% 53
\BOOKMARK [3][-]{subsubsection.7.3.4}{The last optimization}{subsection.7.3}% 54
